<?xml version="1.0" encoding="UTF-8"?>
<testsuite xmlns:xsi="http://www.w3.org/2001/XMLSchema-instance" xsi:noNamespaceSchemaLocation="https://maven.apache.org/surefire/maven-surefire-plugin/xsd/surefire-test-report-3.0.xsd" version="3.0" name="com.bank.tests.UnderageSavingBankSystemTest" time="0.338" tests="5" errors="0" skipped="0" failures="0">
  <properties>
[...]
</properties>
  <testcase name="testAccountCreation" classname="com.bank.tests.UnderageSavingBankSystemTest" time="0.208">
    <system-out><![CDATA[User added: Abebe Bekele
User added: Kidus Abebe
Account created for child: Kidus Abebe (Account ID: ACC1)
]]></system-out>
  </testcase>
  <testcase name="testUserAddedSuccessfully" classname="com.bank.tests.UnderageSavingBankSystemTest" time="0.005">
    <system-out><![CDATA[User added: Abebe Bekele
User added: Kidus Abebe
Account created for child: Kidus Abebe (Account ID: ACC1)
]]></system-out>
  </testcase>
  <testcase name="testEducationalModuleCompletion" classname="com.bank.tests.UnderageSavingBankSystemTest" time="0.006">
    <system-out><![CDATA[User added: Abebe Bekele
User added: Kidus Abebe
Account created for child: Kidus Abebe (Account ID: ACC1)
Educational module added: Budgeting Basics
]]></system-out>
  </testcase>
  <testcase name="testSavingsGoalProgress" classname="com.bank.tests.UnderageSavingBankSystemTest" time="0.009">
    <system-out><![CDATA[User added: Abebe Bekele
User added: Kidus Abebe
Account created for child: Kidus Abebe (Account ID: ACC1)
]]></system-out>
  </testcase>
  <testcase name="testDepositFunctionality" classname="com.bank.tests.UnderageSavingBankSystemTest" time="0.003">
    <system-out><![CDATA[User added: Abebe Bekele
User added: Kidus Abebe
Account created for child: Kidus Abebe (Account ID: ACC1)
]]></system-out>
  </testcase>
</testsuite>