<?xml version="1.0" encoding="UTF-8"?>
<testsuite xmlns:xsi="http://www.w3.org/2001/XMLSchema-instance" xsi:noNamespaceSchemaLocation="https://maven.apache.org/surefire/maven-surefire-plugin/xsd/surefire-test-report-3.0.xsd" version="3.0" name="com.bank.tests.UnderageSavingBankSystemTest" time="0.121" tests="1" errors="0" skipped="0" failures="0">
  <properties>
[...]
</properties>
  <testcase name="testAddUser" classname="com.bank.tests.UnderageSavingBankSystemTest" time="0.086">
    <system-out><![CDATA[User  saved to file.
]]></system-out>
  </testcase>
</testsuite>